time="2025-10-22T23:27:07+05:00" level=info msg="Databse connected"
time="2025-10-22T23:27:07+05:00" level=info msg="Server is running on 8084 port"
time="2025-10-22T23:27:28+05:00" level=error msg="Cant find cookie: http: named cookie not present"
time="2025-10-22T23:27:54+05:00" level=error msg="Cant find cookie: http: named cookie not present"
time="2025-10-22T23:28:13+05:00" level=error msg="Invalid password"
time="2025-10-22T23:28:40+05:00" level=error msg="Couldnt get user by email: no rows in result set"
time="2025-10-22T23:29:11+05:00" level=info msg="User by email=firstUser was received"
time="2025-10-22T23:29:23+05:00" level=info msg="User by email=SecondUser was received"
time="2025-10-23T00:27:53+05:00" level=info msg="Databse connected"
time="2025-10-23T00:27:53+05:00" level=info msg="Server is running on 8084 port"
time="2025-10-23T00:31:05+05:00" level=warning msg="Server is shutting down..."
time="2025-10-23T00:31:05+05:00" level=info msg="Server is exited"
time="2025-10-23T00:31:10+05:00" level=info msg="Databse connected"
time="2025-10-23T00:31:10+05:00" level=info msg="Server is running on 8084 port"
time="2025-10-23T00:35:42+05:00" level=warning msg="Server is shutting down..."
time="2025-10-23T00:35:42+05:00" level=info msg="Server is exited"
time="2025-10-23T00:35:49+05:00" level=info msg="Databse connected"
time="2025-10-23T00:35:49+05:00" level=info msg="Server is running on 8084 port"
time="2025-10-23T00:35:59+05:00" level=error msg="Invalid Syntax to email"
time="2025-10-23T00:36:28+05:00" level=error msg="Disposable email"
time="2025-10-23T00:36:55+05:00" level=error msg="Invalid email: lookup goooglle.com: no such host"
time="2025-10-23T00:37:08+05:00" level=error msg="Invalid email: lookup githut.com: dnsquery: DNS server failure."
time="2025-10-23T00:37:23+05:00" level=warning msg="Server is shutting down..."
time="2025-10-23T00:37:23+05:00" level=info msg="Server is exited"
time="2025-10-23T00:37:39+05:00" level=info msg="Databse connected"
time="2025-10-23T00:37:39+05:00" level=info msg="Server is running on 8084 port"
time="2025-10-23T00:37:49+05:00" level=error msg="Invalid email: lookup githut.com: dnsquery: DNS server failure."
time="2025-10-23T00:38:08+05:00" level=info msg="User was created with id=8 and email=FouthUser@github.com"
time="2025-10-23T00:38:21+05:00" level=info msg="User was created with id=9 and email=FouthUser@google.com"
time="2025-10-23T00:38:26+05:00" level=warning msg="Server is shutting down..."
time="2025-10-23T00:38:26+05:00" level=info msg="Server is exited"
time="2025-10-23T22:30:17+05:00" level=info msg="Databse connected"
time="2025-10-23T22:30:17+05:00" level=info msg="Server is running on 8084 port"
time="2025-10-23T22:30:29+05:00" level=error msg="Couldnt create a user: ОШИБКА: повторяющееся значение ключа нарушает ограничение уникальности \"users_email_key\" (SQLSTATE 23505)"
time="2025-10-23T22:30:40+05:00" level=info msg="User was created with id=11 and email=5User@google.com"
time="2025-10-23T22:30:46+05:00" level=error msg="Invalid email: lookup goog1le.com: no such host"
time="2025-10-23T22:31:00+05:00" level=error msg="Invalid email: lookup amfdj.com: no such host"
time="2025-10-23T22:31:27+05:00" level=info msg="User was created with id=12 and email=5User@astanait.edu.kz"
time="2025-10-23T22:32:21+05:00" level=info msg="User by email=5User@astanait.edu.kz was received"
time="2025-10-23T22:32:34+05:00" level=info msg="User by email=5User@astanait.edu.kz was received"
time="2025-10-23T22:32:39+05:00" level=error msg="Couldnt get user by email: no rows in result set"
time="2025-10-23T22:33:22+05:00" level=warning msg="Server is shutting down..."
time="2025-10-23T22:33:22+05:00" level=info msg="Server is exited"
time="2025-10-23T22:54:42+05:00" level=info msg="Databse connected"
time="2025-10-23T22:54:42+05:00" level=info msg="Server is running on 8084 port"
time="2025-10-23T22:55:32+05:00" level=error msg="Couldnt create a user: ОШИБКА: INSERT содержит больше целевых столбцов, чем выражений (SQLSTATE 42601)"
time="2025-10-23T22:56:04+05:00" level=warning msg="Server is shutting down..."
time="2025-10-23T22:56:04+05:00" level=info msg="Server is exited"
time="2025-10-23T22:56:07+05:00" level=info msg="Databse connected"
time="2025-10-23T22:56:07+05:00" level=info msg="Server is running on 8084 port"
time="2025-10-23T22:56:14+05:00" level=info msg="User was created with id=13 and email=firstAdmin@github.com"
time="2025-10-23T22:59:56+05:00" level=warning msg="Server is shutting down..."
time="2025-10-23T22:59:56+05:00" level=info msg="Server is exited"
time="2025-10-23T23:00:27+05:00" level=info msg="Databse connected"
time="2025-10-23T23:00:27+05:00" level=info msg="Server is running on 8084 port"
time="2025-10-23T23:00:35+05:00" level=info msg="%!s(<nil>)"
time="2025-10-23T23:00:41+05:00" level=warning msg="Server is shutting down..."
time="2025-10-23T23:00:41+05:00" level=info msg="Server is exited"
time="2025-10-23T23:01:01+05:00" level=info msg="Databse connected"
time="2025-10-23T23:01:01+05:00" level=info msg="Server is running on 8084 port"
time="2025-10-23T23:01:07+05:00" level=info msg="%!s(<nil>)"
time="2025-10-23T23:01:09+05:00" level=warning msg="Server is shutting down..."
time="2025-10-23T23:01:09+05:00" level=info msg="Server is exited"
time="2025-10-23T23:03:33+05:00" level=info msg="Databse connected"
time="2025-10-23T23:03:33+05:00" level=info msg="Server is running on 8084 port"
time="2025-10-23T23:03:39+05:00" level=info msg="%!s(<nil>)"
time="2025-10-23T23:05:25+05:00" level=warning msg="Server is shutting down..."
time="2025-10-23T23:05:25+05:00" level=info msg="Server is exited"
time="2025-10-23T23:11:23+05:00" level=info msg="Databse connected"
time="2025-10-23T23:11:23+05:00" level=info msg="Server is running on 8084 port"
time="2025-10-23T23:11:28+05:00" level=info msg="Auth passed"
time="2025-10-23T23:11:28+05:00" level=info
time="2025-10-23T23:13:35+05:00" level=warning msg="Server is shutting down..."
time="2025-10-23T23:13:35+05:00" level=info msg="Server is exited"
time="2025-10-23T23:13:38+05:00" level=info msg="Databse connected"
time="2025-10-23T23:13:38+05:00" level=info msg="Server is running on 8084 port"
time="2025-10-23T23:13:56+05:00" level=info msg="Auth passed with role "
time="2025-10-23T23:13:56+05:00" level=info
time="2025-10-23T23:14:20+05:00" level=warning msg="Server is shutting down..."
time="2025-10-23T23:14:20+05:00" level=info msg="Server is exited"
time="2025-10-23T23:14:23+05:00" level=info msg="Databse connected"
time="2025-10-23T23:14:23+05:00" level=info msg="Server is running on 8084 port"
time="2025-10-23T23:14:29+05:00" level=info msg="Auth passed with role  and user 5User@astanait.edu.kz "
time="2025-10-23T23:14:29+05:00" level=info
time="2025-10-23T23:15:13+05:00" level=info msg="Auth passed with role  and user 5User@astanait.edu.kz "
time="2025-10-23T23:15:13+05:00" level=info
time="2025-10-23T23:15:28+05:00" level=info msg="Auth passed with role  and user firstAdmin@github.com "
time="2025-10-23T23:15:28+05:00" level=info
time="2025-10-23T23:18:11+05:00" level=warning msg="Server is shutting down..."
time="2025-10-23T23:18:11+05:00" level=info msg="Server is exited"
time="2025-10-23T23:18:14+05:00" level=info msg="Databse connected"
time="2025-10-23T23:18:14+05:00" level=info msg="Server is running on 8084 port"
time="2025-10-23T23:18:20+05:00" level=info msg="Auth passed with role  and user firstAdmin@github.com "
time="2025-10-23T23:18:20+05:00" level=info
time="2025-10-23T23:20:43+05:00" level=warning msg="Server is shutting down..."
time="2025-10-23T23:20:43+05:00" level=info msg="Server is exited"
time="2025-10-23T23:21:39+05:00" level=info msg="Databse connected"
time="2025-10-23T23:21:40+05:00" level=info msg="Server is running on 8084 port"
time="2025-10-23T23:21:45+05:00" level=info msg="Auth passed with role  and user firstAdmin@github.com "
time="2025-10-23T23:21:45+05:00" level=info
time="2025-10-23T23:22:04+05:00" level=info msg="User found: {ID:13 Email:firstAdmin@github.com Password:$2a$12$W0noJb38.4TbgUWkQaxcQuoIAcX29oymYYoXu3WMp976VIuza.riG CreateAt:2025-10-23 22:56:14.923572 +0000 UTC Role:admin}"
time="2025-10-23T23:22:36+05:00" level=info msg="Auth passed with role admin and user firstAdmin@github.com "
time="2025-10-23T23:22:36+05:00" level=info msg=admin
time="2025-10-23T23:22:36+05:00" level=info msg="User by email=5User@astanait.edu.kz was received"
time="2025-10-23T23:22:47+05:00" level=info msg="Auth passed with role admin and user firstAdmin@github.com "
time="2025-10-23T23:22:47+05:00" level=info msg=admin
time="2025-10-23T23:22:47+05:00" level=error msg="Couldnt get user by email: no rows in result set"
time="2025-10-23T23:22:56+05:00" level=info msg="Auth passed with role admin and user firstAdmin@github.com "
time="2025-10-23T23:22:56+05:00" level=info msg=admin
time="2025-10-23T23:22:56+05:00" level=info msg="User by email=firstAdmin@github.com was received"
time="2025-10-23T23:23:05+05:00" level=info msg="Auth passed with role admin and user firstAdmin@github.com "
time="2025-10-23T23:23:05+05:00" level=info msg=admin
time="2025-10-23T23:23:05+05:00" level=info msg="User by email=5User@astanait.edu.kz was received"
time="2025-10-23T23:23:49+05:00" level=info msg="User was created with id=14 and email=actualUser@gmail.com"
time="2025-10-23T23:23:58+05:00" level=info msg="User found: {ID:14 Email:actualUser@gmail.com Password:$2a$12$/P1TJCxhyBdgrjtt.nd7UOmN7z/nOWJ0mS.0ZHncXCh6LLOUHAdJG CreateAt:2025-10-23 23:23:49.923622 +0000 UTC Role:}"
time="2025-10-23T23:24:27+05:00" level=warning msg="Server is shutting down..."
time="2025-10-23T23:24:27+05:00" level=info msg="Server is exited"
time="2025-10-23T23:27:43+05:00" level=info msg="Databse connected"
time="2025-10-23T23:27:43+05:00" level=info msg="Server is running on 8084 port"
time="2025-10-23T23:28:30+05:00" level=info msg="User was created with id=15 and email=actualUser@gmail.com"
time="2025-10-23T23:29:20+05:00" level=info msg="User was created with id=16 and email=actualUser@gmail.com"
time="2025-10-23T23:30:07+05:00" level=warning msg="Server is shutting down..."
time="2025-10-23T23:30:07+05:00" level=info msg="Server is exited"
time="2025-10-23T23:30:10+05:00" level=info msg="Databse connected"
time="2025-10-23T23:30:10+05:00" level=info msg="Server is running on 8084 port"
time="2025-10-23T23:30:21+05:00" level=info msg="User was created with id=17 and email=acUser@gmail.com"
time="2025-10-23T23:31:21+05:00" level=info msg="User was created with id=18 and email=actualUser@gmail.com"
time="2025-10-23T23:31:31+05:00" level=info msg="User found: {ID:18 Email:actualUser@gmail.com Password:$2a$12$xGky6hKQlv8HulIzPTfDeuacI4Lrf1ZYUJrEjoFwI2YgLOebCNK9u CreateAt:2025-10-23 23:31:21.685372 +0000 UTC Role:user}"
time="2025-10-23T23:31:49+05:00" level=info msg="Auth passed with role user and user actualUser@gmail.com "
time="2025-10-23T23:31:49+05:00" level=info msg=user
time="2025-10-23T23:33:34+05:00" level=warning msg="Server is shutting down..."
time="2025-10-23T23:33:34+05:00" level=info msg="Server is exited"
time="2025-10-24T00:49:13+05:00" level=info msg="Databse connected"
time="2025-10-24T00:49:13+05:00" level=info msg="Server is running on 8084 port"
time="2025-10-24T00:49:26+05:00" level=error msg="Cant find cookie: http: named cookie not present"
time="2025-10-24T00:49:50+05:00" level=warning msg="Server is shutting down..."
time="2025-10-24T00:49:50+05:00" level=info msg="Server is exited"
time="2025-10-28T00:29:34+05:00" level=info msg="Databse connected"
time="2025-10-28T00:29:34+05:00" level=info msg="Server is running on 8084 port"
time="2025-10-28T00:30:31+05:00" level=info msg="User was created with id=19 and email=firstuser@gmail.com"
time="2025-10-28T00:30:42+05:00" level=warning msg="Server is shutting down..."
time="2025-10-28T00:30:42+05:00" level=info msg="Server is exited"
